Copyright 1986-2022 Xilinx, Inc. All Rights Reserved.
--------------------------------------------------------------------------------------------------------------------------------------------------------------------------------------------------------------------------------------------
| Tool Version      : Vivado v.2022.2 (win64) Build 3671981 Fri Oct 14 05:00:03 MDT 2022
| Date              : Sun Feb 18 12:04:09 2024
| Host              : DESKTOP-OKU8BN1 running 64-bit major release  (build 9200)
| Command           : report_timing_summary -max_paths 10 -report_unconstrained -file encoder_4_to_2_timing_summary_routed.rpt -pb encoder_4_to_2_timing_summary_routed.pb -rpx encoder_4_to_2_timing_summary_routed.rpx -warn_on_violation
| Design            : encoder_4_to_2
| Device            : xczu7ev-ffvc1156
| Speed File        : -2  PRODUCTION 1.30 05-15-2022
| Temperature Grade : E
--------------------------------------------------------------------------------------------------------------------------------------------------------------------------------------------------------------------------------------------

Timing Summary Report

------------------------------------------------------------------------------------------------
| Timer Settings
| --------------
------------------------------------------------------------------------------------------------

  Enable Multi Corner Analysis               :  Yes
  Enable Pessimism Removal                   :  Yes
  Pessimism Removal Resolution               :  Nearest Common Node
  Enable Input Delay Default Clock           :  No
  Enable Preset / Clear Arcs                 :  No
  Disable Flight Delays                      :  No
  Ignore I/O Paths                           :  No
  Timing Early Launch at Borrowing Latches   :  No
  Borrow Time for Max Delay Exceptions       :  Yes
  Merge Timing Exceptions                    :  Yes

  Corner  Analyze    Analyze    
  Name    Max Paths  Min Paths  
  ------  ---------  ---------  
  Slow    Yes        Yes        
  Fast    Yes        Yes        


------------------------------------------------------------------------------------------------
| Report Methodology
| ------------------
------------------------------------------------------------------------------------------------

No report available as report_methodology has not been run prior. Run report_methodology on the current design for the summary of methodology violations.



check_timing report

Table of Contents
-----------------
1. checking no_clock (0)
2. checking constant_clock (0)
3. checking pulse_width_clock (0)
4. checking unconstrained_internal_endpoints (0)
5. checking no_input_delay (0)
6. checking no_output_delay (0)
7. checking multiple_clock (0)
8. checking generated_clocks (0)
9. checking loops (0)
10. checking partial_input_delay (0)
11. checking partial_output_delay (0)
12. checking latch_loops (0)

1. checking no_clock (0)
------------------------
 There are 0 register/latch pins with no clock.


2. checking constant_clock (0)
------------------------------
 There are 0 register/latch pins with constant_clock.


3. checking pulse_width_clock (0)
---------------------------------
 There are 0 register/latch pins which need pulse_width check


4. checking unconstrained_internal_endpoints (0)
------------------------------------------------
 There are 0 pins that are not constrained for maximum delay.

 There are 0 pins that are not constrained for maximum delay due to constant clock.


5. checking no_input_delay (0)
------------------------------
 There are 0 input ports with no input delay specified.

 There are 0 input ports with no input delay but user has a false path constraint.


6. checking no_output_delay (0)
-------------------------------
 There are 0 ports with no output delay specified.

 There are 0 ports with no output delay but user has a false path constraint

 There are 0 ports with no output delay but with a timing clock defined on it or propagating through it


7. checking multiple_clock (0)
------------------------------
 There are 0 register/latch pins with multiple clocks.


8. checking generated_clocks (0)
--------------------------------
 There are 0 generated clocks that are not connected to a clock source.


9. checking loops (0)
---------------------
 There are 0 combinational loops in the design.


10. checking partial_input_delay (0)
------------------------------------
 There are 0 input ports with partial input delay specified.


11. checking partial_output_delay (0)
-------------------------------------
 There are 0 ports with partial output delay specified.


12. checking latch_loops (0)
----------------------------
 There are 0 combinational latch loops in the design through latch input



------------------------------------------------------------------------------------------------
| Design Timing Summary
| ---------------------
------------------------------------------------------------------------------------------------

    WNS(ns)      TNS(ns)  TNS Failing Endpoints  TNS Total Endpoints      WHS(ns)      THS(ns)  THS Failing Endpoints  THS Total Endpoints     WPWS(ns)     TPWS(ns)  TPWS Failing Endpoints  TPWS Total Endpoints  
    -------      -------  ---------------------  -------------------      -------      -------  ---------------------  -------------------     --------     --------  ----------------------  --------------------  
        inf        0.000                      0                    2          inf        0.000                      0                    2           NA           NA                      NA                    NA  


There are no user specified timing constraints.


------------------------------------------------------------------------------------------------
| Clock Summary
| -------------
------------------------------------------------------------------------------------------------


------------------------------------------------------------------------------------------------
| Intra Clock Table
| -----------------
------------------------------------------------------------------------------------------------

Clock             WNS(ns)      TNS(ns)  TNS Failing Endpoints  TNS Total Endpoints      WHS(ns)      THS(ns)  THS Failing Endpoints  THS Total Endpoints     WPWS(ns)     TPWS(ns)  TPWS Failing Endpoints  TPWS Total Endpoints  
-----             -------      -------  ---------------------  -------------------      -------      -------  ---------------------  -------------------     --------     --------  ----------------------  --------------------  


------------------------------------------------------------------------------------------------
| Inter Clock Table
| -----------------
------------------------------------------------------------------------------------------------

From Clock    To Clock          WNS(ns)      TNS(ns)  TNS Failing Endpoints  TNS Total Endpoints      WHS(ns)      THS(ns)  THS Failing Endpoints  THS Total Endpoints  
----------    --------          -------      -------  ---------------------  -------------------      -------      -------  ---------------------  -------------------  


------------------------------------------------------------------------------------------------
| Other Path Groups Table
| -----------------------
------------------------------------------------------------------------------------------------

Path Group    From Clock    To Clock          WNS(ns)      TNS(ns)  TNS Failing Endpoints  TNS Total Endpoints      WHS(ns)      THS(ns)  THS Failing Endpoints  THS Total Endpoints  
----------    ----------    --------          -------      -------  ---------------------  -------------------      -------      -------  ---------------------  -------------------  


------------------------------------------------------------------------------------------------
| User Ignored Path Table
| -----------------------
------------------------------------------------------------------------------------------------

Path Group    From Clock    To Clock    
----------    ----------    --------    


------------------------------------------------------------------------------------------------
| Unconstrained Path Table
| ------------------------
------------------------------------------------------------------------------------------------

Path Group    From Clock    To Clock    
----------    ----------    --------    
(none)                                    


------------------------------------------------------------------------------------------------
| Timing Details
| --------------
------------------------------------------------------------------------------------------------


--------------------------------------------------------------------------------------
Path Group:  (none)
From Clock:  
  To Clock:  

Max Delay             2 Endpoints
Min Delay             2 Endpoints
--------------------------------------------------------------------------------------


Max Delay Paths
--------------------------------------------------------------------------------------
Slack:                    inf
  Source:                 i3
                            (input port)
  Destination:            d0
                            (output port)
  Path Group:             (none)
  Path Type:              Max at Slow Process Corner
  Data Path Delay:        4.701ns  (logic 3.506ns (74.578%)  route 1.195ns (25.422%))
  Logic Levels:           4  (IBUFCTRL=1 INBUF=1 LUT2=1 OBUF=1)

    Location             Delay type                Incr(ns)  Path(ns)    Netlist Resource(s)
  -------------------------------------------------------------------    -------------------
    B5                                                0.000     0.000 r  i3 (IN)
                         net (fo=0)                   0.000     0.000    i3_IBUF_inst/I
    B5                   INBUF (Prop_INBUF_HDIOB_M_PAD_O)
                                                      1.054     1.054 r  i3_IBUF_inst/INBUF_INST/O
                         net (fo=1, routed)           0.000     1.054    i3_IBUF_inst/OUT
    B5                   IBUFCTRL (Prop_IBUFCTRL_HDIOB_M_I_O)
                                                      0.000     1.054 r  i3_IBUF_inst/IBUFCTRL_INST/O
                         net (fo=2, routed)           0.625     1.679    i3_IBUF
    SLICE_X99Y354        LUT2 (Prop_D5LUT_SLICEL_I0_O)
                                                      0.133     1.812 r  d0_OBUF_inst_i_1/O
                         net (fo=1, routed)           0.570     2.382    d0_OBUF
    F6                   OBUF (Prop_OUTBUF_HDIOB_M_I_O)
                                                      2.319     4.701 r  d0_OBUF_inst/O
                         net (fo=0)                   0.000     4.701    d0
    F6                                                                r  d0 (OUT)
  -------------------------------------------------------------------    -------------------

Slack:                    inf
  Source:                 i3
                            (input port)
  Destination:            d1
                            (output port)
  Path Group:             (none)
  Path Type:              Max at Slow Process Corner
  Data Path Delay:        4.639ns  (logic 3.496ns (75.360%)  route 1.143ns (24.640%))
  Logic Levels:           4  (IBUFCTRL=1 INBUF=1 LUT2=1 OBUF=1)

    Location             Delay type                Incr(ns)  Path(ns)    Netlist Resource(s)
  -------------------------------------------------------------------    -------------------
    B5                                                0.000     0.000 r  i3 (IN)
                         net (fo=0)                   0.000     0.000    i3_IBUF_inst/I
    B5                   INBUF (Prop_INBUF_HDIOB_M_PAD_O)
                                                      1.054     1.054 r  i3_IBUF_inst/INBUF_INST/O
                         net (fo=1, routed)           0.000     1.054    i3_IBUF_inst/OUT
    B5                   IBUFCTRL (Prop_IBUFCTRL_HDIOB_M_I_O)
                                                      0.000     1.054 r  i3_IBUF_inst/IBUFCTRL_INST/O
                         net (fo=2, routed)           0.625     1.679    i3_IBUF
    SLICE_X99Y354        LUT2 (Prop_D6LUT_SLICEL_I0_O)
                                                      0.122     1.801 r  d1_OBUF_inst_i_1/O
                         net (fo=1, routed)           0.518     2.319    d1_OBUF
    E5                   OBUF (Prop_OUTBUF_HDIOB_S_I_O)
                                                      2.320     4.639 r  d1_OBUF_inst/O
                         net (fo=0)                   0.000     4.639    d1
    E5                                                                r  d1 (OUT)
  -------------------------------------------------------------------    -------------------





Min Delay Paths
--------------------------------------------------------------------------------------
Slack:                    inf
  Source:                 i2
                            (input port)
  Destination:            d1
                            (output port)
  Path Group:             (none)
  Path Type:              Min at Fast Process Corner
  Data Path Delay:        1.865ns  (logic 1.473ns (78.980%)  route 0.392ns (21.020%))
  Logic Levels:           4  (IBUFCTRL=1 INBUF=1 LUT2=1 OBUF=1)

    Location             Delay type                Incr(ns)  Path(ns)    Netlist Resource(s)
  -------------------------------------------------------------------    -------------------
    D5                                                0.000     0.000 r  i2 (IN)
                         net (fo=0)                   0.000     0.000    i2_IBUF_inst/I
    D5                   INBUF (Prop_INBUF_HDIOB_S_PAD_O)
                                                      0.369     0.369 r  i2_IBUF_inst/INBUF_INST/O
                         net (fo=1, routed)           0.000     0.369    i2_IBUF_inst/OUT
    D5                   IBUFCTRL (Prop_IBUFCTRL_HDIOB_S_I_O)
                                                      0.000     0.369 r  i2_IBUF_inst/IBUFCTRL_INST/O
                         net (fo=1, routed)           0.207     0.576    i2_IBUF
    SLICE_X99Y354        LUT2 (Prop_D6LUT_SLICEL_I1_O)
                                                      0.041     0.617 r  d1_OBUF_inst_i_1/O
                         net (fo=1, routed)           0.185     0.802    d1_OBUF
    E5                   OBUF (Prop_OUTBUF_HDIOB_S_I_O)
                                                      1.062     1.865 r  d1_OBUF_inst/O
                         net (fo=0)                   0.000     1.865    d1
    E5                                                                r  d1 (OUT)
  -------------------------------------------------------------------    -------------------

Slack:                    inf
  Source:                 i1
                            (input port)
  Destination:            d0
                            (output port)
  Path Group:             (none)
  Path Type:              Min at Fast Process Corner
  Data Path Delay:        1.980ns  (logic 1.466ns (74.045%)  route 0.514ns (25.955%))
  Logic Levels:           4  (IBUFCTRL=1 INBUF=1 LUT2=1 OBUF=1)

    Location             Delay type                Incr(ns)  Path(ns)    Netlist Resource(s)
  -------------------------------------------------------------------    -------------------
    D6                                                0.000     0.000 r  i1 (IN)
                         net (fo=0)                   0.000     0.000    i1_IBUF_inst/I
    D6                   INBUF (Prop_INBUF_HDIOB_M_PAD_O)
                                                      0.372     0.372 r  i1_IBUF_inst/INBUF_INST/O
                         net (fo=1, routed)           0.000     0.372    i1_IBUF_inst/OUT
    D6                   IBUFCTRL (Prop_IBUFCTRL_HDIOB_M_I_O)
                                                      0.000     0.372 r  i1_IBUF_inst/IBUFCTRL_INST/O
                         net (fo=1, routed)           0.224     0.596    i1_IBUF
    SLICE_X99Y354        LUT2 (Prop_D5LUT_SLICEL_I1_O)
                                                      0.033     0.629 r  d0_OBUF_inst_i_1/O
                         net (fo=1, routed)           0.290     0.919    d0_OBUF
    F6                   OBUF (Prop_OUTBUF_HDIOB_M_I_O)
                                                      1.061     1.980 r  d0_OBUF_inst/O
                         net (fo=0)                   0.000     1.980    d0
    F6                                                                r  d0 (OUT)
  -------------------------------------------------------------------    -------------------





