Copyright 1986-2022 Xilinx, Inc. All Rights Reserved.
--------------------------------------------------------------------------------------------------------------------------------------------------------------------------------------------------------------------------------
| Tool Version      : Vivado v.2022.2 (win64) Build 3671981 Fri Oct 14 05:00:03 MDT 2022
| Date              : Sun Feb 18 12:30:16 2024
| Host              : DESKTOP-OKU8BN1 running 64-bit major release  (build 9200)
| Command           : report_timing_summary -max_paths 10 -report_unconstrained -file half_adder_timing_summary_routed.rpt -pb half_adder_timing_summary_routed.pb -rpx half_adder_timing_summary_routed.rpx -warn_on_violation
| Design            : half_adder
| Device            : xczu7ev-ffvc1156
| Speed File        : -2  PRODUCTION 1.30 05-15-2022
| Temperature Grade : E
--------------------------------------------------------------------------------------------------------------------------------------------------------------------------------------------------------------------------------

Timing Summary Report

------------------------------------------------------------------------------------------------
| Timer Settings
| --------------
------------------------------------------------------------------------------------------------

  Enable Multi Corner Analysis               :  Yes
  Enable Pessimism Removal                   :  Yes
  Pessimism Removal Resolution               :  Nearest Common Node
  Enable Input Delay Default Clock           :  No
  Enable Preset / Clear Arcs                 :  No
  Disable Flight Delays                      :  No
  Ignore I/O Paths                           :  No
  Timing Early Launch at Borrowing Latches   :  No
  Borrow Time for Max Delay Exceptions       :  Yes
  Merge Timing Exceptions                    :  Yes

  Corner  Analyze    Analyze    
  Name    Max Paths  Min Paths  
  ------  ---------  ---------  
  Slow    Yes        Yes        
  Fast    Yes        Yes        


------------------------------------------------------------------------------------------------
| Report Methodology
| ------------------
------------------------------------------------------------------------------------------------

No report available as report_methodology has not been run prior. Run report_methodology on the current design for the summary of methodology violations.



check_timing report

Table of Contents
-----------------
1. checking no_clock (0)
2. checking constant_clock (0)
3. checking pulse_width_clock (0)
4. checking unconstrained_internal_endpoints (0)
5. checking no_input_delay (0)
6. checking no_output_delay (0)
7. checking multiple_clock (0)
8. checking generated_clocks (0)
9. checking loops (0)
10. checking partial_input_delay (0)
11. checking partial_output_delay (0)
12. checking latch_loops (0)

1. checking no_clock (0)
------------------------
 There are 0 register/latch pins with no clock.


2. checking constant_clock (0)
------------------------------
 There are 0 register/latch pins with constant_clock.


3. checking pulse_width_clock (0)
---------------------------------
 There are 0 register/latch pins which need pulse_width check


4. checking unconstrained_internal_endpoints (0)
------------------------------------------------
 There are 0 pins that are not constrained for maximum delay.

 There are 0 pins that are not constrained for maximum delay due to constant clock.


5. checking no_input_delay (0)
------------------------------
 There are 0 input ports with no input delay specified.

 There are 0 input ports with no input delay but user has a false path constraint.


6. checking no_output_delay (0)
-------------------------------
 There are 0 ports with no output delay specified.

 There are 0 ports with no output delay but user has a false path constraint

 There are 0 ports with no output delay but with a timing clock defined on it or propagating through it


7. checking multiple_clock (0)
------------------------------
 There are 0 register/latch pins with multiple clocks.


8. checking generated_clocks (0)
--------------------------------
 There are 0 generated clocks that are not connected to a clock source.


9. checking loops (0)
---------------------
 There are 0 combinational loops in the design.


10. checking partial_input_delay (0)
------------------------------------
 There are 0 input ports with partial input delay specified.


11. checking partial_output_delay (0)
-------------------------------------
 There are 0 ports with partial output delay specified.


12. checking latch_loops (0)
----------------------------
 There are 0 combinational latch loops in the design through latch input



------------------------------------------------------------------------------------------------
| Design Timing Summary
| ---------------------
------------------------------------------------------------------------------------------------

    WNS(ns)      TNS(ns)  TNS Failing Endpoints  TNS Total Endpoints      WHS(ns)      THS(ns)  THS Failing Endpoints  THS Total Endpoints     WPWS(ns)     TPWS(ns)  TPWS Failing Endpoints  TPWS Total Endpoints  
    -------      -------  ---------------------  -------------------      -------      -------  ---------------------  -------------------     --------     --------  ----------------------  --------------------  
        inf        0.000                      0                    2          inf        0.000                      0                    2           NA           NA                      NA                    NA  


There are no user specified timing constraints.


------------------------------------------------------------------------------------------------
| Clock Summary
| -------------
------------------------------------------------------------------------------------------------


------------------------------------------------------------------------------------------------
| Intra Clock Table
| -----------------
------------------------------------------------------------------------------------------------

Clock             WNS(ns)      TNS(ns)  TNS Failing Endpoints  TNS Total Endpoints      WHS(ns)      THS(ns)  THS Failing Endpoints  THS Total Endpoints     WPWS(ns)     TPWS(ns)  TPWS Failing Endpoints  TPWS Total Endpoints  
-----             -------      -------  ---------------------  -------------------      -------      -------  ---------------------  -------------------     --------     --------  ----------------------  --------------------  


------------------------------------------------------------------------------------------------
| Inter Clock Table
| -----------------
------------------------------------------------------------------------------------------------

From Clock    To Clock          WNS(ns)      TNS(ns)  TNS Failing Endpoints  TNS Total Endpoints      WHS(ns)      THS(ns)  THS Failing Endpoints  THS Total Endpoints  
----------    --------          -------      -------  ---------------------  -------------------      -------      -------  ---------------------  -------------------  


------------------------------------------------------------------------------------------------
| Other Path Groups Table
| -----------------------
------------------------------------------------------------------------------------------------

Path Group    From Clock    To Clock          WNS(ns)      TNS(ns)  TNS Failing Endpoints  TNS Total Endpoints      WHS(ns)      THS(ns)  THS Failing Endpoints  THS Total Endpoints  
----------    ----------    --------          -------      -------  ---------------------  -------------------      -------      -------  ---------------------  -------------------  


------------------------------------------------------------------------------------------------
| User Ignored Path Table
| -----------------------
------------------------------------------------------------------------------------------------

Path Group    From Clock    To Clock    
----------    ----------    --------    


------------------------------------------------------------------------------------------------
| Unconstrained Path Table
| ------------------------
------------------------------------------------------------------------------------------------

Path Group    From Clock    To Clock    
----------    ----------    --------    
(none)                                    


------------------------------------------------------------------------------------------------
| Timing Details
| --------------
------------------------------------------------------------------------------------------------


--------------------------------------------------------------------------------------
Path Group:  (none)
From Clock:  
  To Clock:  

Max Delay             2 Endpoints
Min Delay             2 Endpoints
--------------------------------------------------------------------------------------


Max Delay Paths
--------------------------------------------------------------------------------------
Slack:                    inf
  Source:                 b
                            (input port)
  Destination:            cout
                            (output port)
  Path Group:             (none)
  Path Type:              Max at Slow Process Corner
  Data Path Delay:        4.528ns  (logic 3.468ns (76.590%)  route 1.060ns (23.410%))
  Logic Levels:           4  (IBUFCTRL=1 INBUF=1 LUT2=1 OBUF=1)

    Location             Delay type                Incr(ns)  Path(ns)    Netlist Resource(s)
  -------------------------------------------------------------------    -------------------
    E5                                                0.000     0.000 r  b (IN)
                         net (fo=0)                   0.000     0.000    b_IBUF_inst/I
    E5                   INBUF (Prop_INBUF_HDIOB_S_PAD_O)
                                                      1.034     1.034 r  b_IBUF_inst/INBUF_INST/O
                         net (fo=1, routed)           0.000     1.034    b_IBUF_inst/OUT
    E5                   IBUFCTRL (Prop_IBUFCTRL_HDIOB_S_I_O)
                                                      0.000     1.034 r  b_IBUF_inst/IBUFCTRL_INST/O
                         net (fo=2, routed)           0.515     1.549    b_IBUF
    SLICE_X99Y356        LUT2 (Prop_D5LUT_SLICEL_I1_O)
                                                      0.110     1.659 r  cout_OBUF_inst_i_1/O
                         net (fo=1, routed)           0.545     2.204    cout_OBUF
    D6                   OBUF (Prop_OUTBUF_HDIOB_M_I_O)
                                                      2.324     4.528 r  cout_OBUF_inst/O
                         net (fo=0)                   0.000     4.528    cout
    D6                                                                r  cout (OUT)
  -------------------------------------------------------------------    -------------------

Slack:                    inf
  Source:                 b
                            (input port)
  Destination:            sum
                            (output port)
  Path Group:             (none)
  Path Type:              Max at Slow Process Corner
  Data Path Delay:        4.474ns  (logic 3.454ns (77.203%)  route 1.020ns (22.797%))
  Logic Levels:           4  (IBUFCTRL=1 INBUF=1 LUT2=1 OBUF=1)

    Location             Delay type                Incr(ns)  Path(ns)    Netlist Resource(s)
  -------------------------------------------------------------------    -------------------
    E5                                                0.000     0.000 r  b (IN)
                         net (fo=0)                   0.000     0.000    b_IBUF_inst/I
    E5                   INBUF (Prop_INBUF_HDIOB_S_PAD_O)
                                                      1.034     1.034 r  b_IBUF_inst/INBUF_INST/O
                         net (fo=1, routed)           0.000     1.034    b_IBUF_inst/OUT
    E5                   IBUFCTRL (Prop_IBUFCTRL_HDIOB_S_I_O)
                                                      0.000     1.034 r  b_IBUF_inst/IBUFCTRL_INST/O
                         net (fo=2, routed)           0.515     1.549    b_IBUF
    SLICE_X99Y356        LUT2 (Prop_D6LUT_SLICEL_I0_O)
                                                      0.099     1.648 r  sum_OBUF_inst_i_1/O
                         net (fo=1, routed)           0.505     2.153    sum_OBUF
    D5                   OBUF (Prop_OUTBUF_HDIOB_S_I_O)
                                                      2.322     4.474 r  sum_OBUF_inst/O
                         net (fo=0)                   0.000     4.474    sum
    D5                                                                r  sum (OUT)
  -------------------------------------------------------------------    -------------------





Min Delay Paths
--------------------------------------------------------------------------------------
Slack:                    inf
  Source:                 a
                            (input port)
  Destination:            sum
                            (output port)
  Path Group:             (none)
  Path Type:              Min at Fast Process Corner
  Data Path Delay:        1.842ns  (logic 1.466ns (79.585%)  route 0.376ns (20.415%))
  Logic Levels:           4  (IBUFCTRL=1 INBUF=1 LUT2=1 OBUF=1)

    Location             Delay type                Incr(ns)  Path(ns)    Netlist Resource(s)
  -------------------------------------------------------------------    -------------------
    F6                                                0.000     0.000 r  a (IN)
                         net (fo=0)                   0.000     0.000    a_IBUF_inst/I
    F6                   INBUF (Prop_INBUF_HDIOB_M_PAD_O)
                                                      0.366     0.366 r  a_IBUF_inst/INBUF_INST/O
                         net (fo=1, routed)           0.000     0.366    a_IBUF_inst/OUT
    F6                   IBUFCTRL (Prop_IBUFCTRL_HDIOB_M_I_O)
                                                      0.000     0.366 r  a_IBUF_inst/IBUFCTRL_INST/O
                         net (fo=2, routed)           0.198     0.564    a_IBUF
    SLICE_X99Y356        LUT2 (Prop_D6LUT_SLICEL_I1_O)
                                                      0.035     0.599 r  sum_OBUF_inst_i_1/O
                         net (fo=1, routed)           0.178     0.777    sum_OBUF
    D5                   OBUF (Prop_OUTBUF_HDIOB_S_I_O)
                                                      1.064     1.842 r  sum_OBUF_inst/O
                         net (fo=0)                   0.000     1.842    sum
    D5                                                                r  sum (OUT)
  -------------------------------------------------------------------    -------------------

Slack:                    inf
  Source:                 a
                            (input port)
  Destination:            cout
                            (output port)
  Path Group:             (none)
  Path Type:              Min at Fast Process Corner
  Data Path Delay:        1.928ns  (logic 1.466ns (76.042%)  route 0.462ns (23.958%))
  Logic Levels:           4  (IBUFCTRL=1 INBUF=1 LUT2=1 OBUF=1)

    Location             Delay type                Incr(ns)  Path(ns)    Netlist Resource(s)
  -------------------------------------------------------------------    -------------------
    F6                                                0.000     0.000 r  a (IN)
                         net (fo=0)                   0.000     0.000    a_IBUF_inst/I
    F6                   INBUF (Prop_INBUF_HDIOB_M_PAD_O)
                                                      0.366     0.366 r  a_IBUF_inst/INBUF_INST/O
                         net (fo=1, routed)           0.000     0.366    a_IBUF_inst/OUT
    F6                   IBUFCTRL (Prop_IBUFCTRL_HDIOB_M_I_O)
                                                      0.000     0.366 r  a_IBUF_inst/IBUFCTRL_INST/O
                         net (fo=2, routed)           0.198     0.564    a_IBUF
    SLICE_X99Y356        LUT2 (Prop_D5LUT_SLICEL_I0_O)
                                                      0.033     0.597 r  cout_OBUF_inst_i_1/O
                         net (fo=1, routed)           0.264     0.861    cout_OBUF
    D6                   OBUF (Prop_OUTBUF_HDIOB_M_I_O)
                                                      1.067     1.928 r  cout_OBUF_inst/O
                         net (fo=0)                   0.000     1.928    cout
    D6                                                                r  cout (OUT)
  -------------------------------------------------------------------    -------------------





