Copyright 1986-2022 Xilinx, Inc. All Rights Reserved.
------------------------------------------------------------------------------------------------------------------------------------------------------------------------------------------------------------------------------------------------------------------
| Tool Version : Vivado v.2022.2 (win64) Build 3671981 Fri Oct 14 05:00:03 MDT 2022
| Date         : Sun Feb 18 14:44:57 2024
| Host         : DESKTOP-OKU8BN1 running 64-bit major release  (build 9200)
| Command      : report_timing_summary -max_paths 10 -report_unconstrained -file encoder_4_to_2_dataflow_timing_summary_routed.rpt -pb encoder_4_to_2_dataflow_timing_summary_routed.pb -rpx encoder_4_to_2_dataflow_timing_summary_routed.rpx -warn_on_violation
| Design       : encoder_4_to_2_dataflow
| Device       : 7k70t-fbv676
| Speed File   : -1  PRODUCTION 1.12 2017-02-17
------------------------------------------------------------------------------------------------------------------------------------------------------------------------------------------------------------------------------------------------------------------

Timing Summary Report

------------------------------------------------------------------------------------------------
| Timer Settings
| --------------
------------------------------------------------------------------------------------------------

  Enable Multi Corner Analysis               :  Yes
  Enable Pessimism Removal                   :  Yes
  Pessimism Removal Resolution               :  Nearest Common Node
  Enable Input Delay Default Clock           :  No
  Enable Preset / Clear Arcs                 :  No
  Disable Flight Delays                      :  No
  Ignore I/O Paths                           :  No
  Timing Early Launch at Borrowing Latches   :  No
  Borrow Time for Max Delay Exceptions       :  Yes
  Merge Timing Exceptions                    :  Yes

  Corner  Analyze    Analyze    
  Name    Max Paths  Min Paths  
  ------  ---------  ---------  
  Slow    Yes        Yes        
  Fast    Yes        Yes        


------------------------------------------------------------------------------------------------
| Report Methodology
| ------------------
------------------------------------------------------------------------------------------------

No report available as report_methodology has not been run prior. Run report_methodology on the current design for the summary of methodology violations.



check_timing report

Table of Contents
-----------------
1. checking no_clock (0)
2. checking constant_clock (0)
3. checking pulse_width_clock (0)
4. checking unconstrained_internal_endpoints (0)
5. checking no_input_delay (0)
6. checking no_output_delay (0)
7. checking multiple_clock (0)
8. checking generated_clocks (0)
9. checking loops (0)
10. checking partial_input_delay (0)
11. checking partial_output_delay (0)
12. checking latch_loops (0)

1. checking no_clock (0)
------------------------
 There are 0 register/latch pins with no clock.


2. checking constant_clock (0)
------------------------------
 There are 0 register/latch pins with constant_clock.


3. checking pulse_width_clock (0)
---------------------------------
 There are 0 register/latch pins which need pulse_width check


4. checking unconstrained_internal_endpoints (0)
------------------------------------------------
 There are 0 pins that are not constrained for maximum delay.

 There are 0 pins that are not constrained for maximum delay due to constant clock.


5. checking no_input_delay (0)
------------------------------
 There are 0 input ports with no input delay specified.

 There are 0 input ports with no input delay but user has a false path constraint.


6. checking no_output_delay (0)
-------------------------------
 There are 0 ports with no output delay specified.

 There are 0 ports with no output delay but user has a false path constraint

 There are 0 ports with no output delay but with a timing clock defined on it or propagating through it


7. checking multiple_clock (0)
------------------------------
 There are 0 register/latch pins with multiple clocks.


8. checking generated_clocks (0)
--------------------------------
 There are 0 generated clocks that are not connected to a clock source.


9. checking loops (0)
---------------------
 There are 0 combinational loops in the design.


10. checking partial_input_delay (0)
------------------------------------
 There are 0 input ports with partial input delay specified.


11. checking partial_output_delay (0)
-------------------------------------
 There are 0 ports with partial output delay specified.


12. checking latch_loops (0)
----------------------------
 There are 0 combinational latch loops in the design through latch input



------------------------------------------------------------------------------------------------
| Design Timing Summary
| ---------------------
------------------------------------------------------------------------------------------------

    WNS(ns)      TNS(ns)  TNS Failing Endpoints  TNS Total Endpoints      WHS(ns)      THS(ns)  THS Failing Endpoints  THS Total Endpoints     WPWS(ns)     TPWS(ns)  TPWS Failing Endpoints  TPWS Total Endpoints  
    -------      -------  ---------------------  -------------------      -------      -------  ---------------------  -------------------     --------     --------  ----------------------  --------------------  
        inf        0.000                      0                    2          inf        0.000                      0                    2           NA           NA                      NA                    NA  


There are no user specified timing constraints.


------------------------------------------------------------------------------------------------
| Clock Summary
| -------------
------------------------------------------------------------------------------------------------


------------------------------------------------------------------------------------------------
| Intra Clock Table
| -----------------
------------------------------------------------------------------------------------------------

Clock             WNS(ns)      TNS(ns)  TNS Failing Endpoints  TNS Total Endpoints      WHS(ns)      THS(ns)  THS Failing Endpoints  THS Total Endpoints     WPWS(ns)     TPWS(ns)  TPWS Failing Endpoints  TPWS Total Endpoints  
-----             -------      -------  ---------------------  -------------------      -------      -------  ---------------------  -------------------     --------     --------  ----------------------  --------------------  


------------------------------------------------------------------------------------------------
| Inter Clock Table
| -----------------
------------------------------------------------------------------------------------------------

From Clock    To Clock          WNS(ns)      TNS(ns)  TNS Failing Endpoints  TNS Total Endpoints      WHS(ns)      THS(ns)  THS Failing Endpoints  THS Total Endpoints  
----------    --------          -------      -------  ---------------------  -------------------      -------      -------  ---------------------  -------------------  


------------------------------------------------------------------------------------------------
| Other Path Groups Table
| -----------------------
------------------------------------------------------------------------------------------------

Path Group    From Clock    To Clock          WNS(ns)      TNS(ns)  TNS Failing Endpoints  TNS Total Endpoints      WHS(ns)      THS(ns)  THS Failing Endpoints  THS Total Endpoints  
----------    ----------    --------          -------      -------  ---------------------  -------------------      -------      -------  ---------------------  -------------------  


------------------------------------------------------------------------------------------------
| User Ignored Path Table
| -----------------------
------------------------------------------------------------------------------------------------

Path Group    From Clock    To Clock    
----------    ----------    --------    


------------------------------------------------------------------------------------------------
| Unconstrained Path Table
| ------------------------
------------------------------------------------------------------------------------------------

Path Group    From Clock    To Clock    
----------    ----------    --------    
(none)                                    


------------------------------------------------------------------------------------------------
| Timing Details
| --------------
------------------------------------------------------------------------------------------------


--------------------------------------------------------------------------------------
Path Group:  (none)
From Clock:  
  To Clock:  

Max Delay             2 Endpoints
Min Delay             2 Endpoints
--------------------------------------------------------------------------------------


Max Delay Paths
--------------------------------------------------------------------------------------
Slack:                    inf
  Source:                 i3
                            (input port)
  Destination:            d0
                            (output port)
  Path Group:             (none)
  Path Type:              Max at Slow Process Corner
  Data Path Delay:        5.831ns  (logic 3.399ns (58.293%)  route 2.432ns (41.707%))
  Logic Levels:           3  (IBUF=1 LUT2=1 OBUF=1)

    Location             Delay type                Incr(ns)  Path(ns)    Netlist Resource(s)
  -------------------------------------------------------------------    -------------------
    U17                                               0.000     0.000 r  i3 (IN)
                         net (fo=0)                   0.000     0.000    i3
    U17                  IBUF (Prop_ibuf_I_O)         0.785     0.785 r  i3_IBUF_inst/O
                         net (fo=2, routed)           1.053     1.838    i3_IBUF
    SLICE_X0Y2           LUT2 (Prop_lut2_I1_O)        0.063     1.901 r  d0_OBUF_inst_i_1/O
                         net (fo=1, routed)           1.379     3.280    d0_OBUF
    U16                  OBUF (Prop_obuf_I_O)         2.551     5.831 r  d0_OBUF_inst/O
                         net (fo=0)                   0.000     5.831    d0
    U16                                                               r  d0 (OUT)
  -------------------------------------------------------------------    -------------------

Slack:                    inf
  Source:                 i3
                            (input port)
  Destination:            d1
                            (output port)
  Path Group:             (none)
  Path Type:              Max at Slow Process Corner
  Data Path Delay:        5.579ns  (logic 3.289ns (58.955%)  route 2.290ns (41.045%))
  Logic Levels:           3  (IBUF=1 LUT2=1 OBUF=1)

    Location             Delay type                Incr(ns)  Path(ns)    Netlist Resource(s)
  -------------------------------------------------------------------    -------------------
    U17                                               0.000     0.000 r  i3 (IN)
                         net (fo=0)                   0.000     0.000    i3
    U17                  IBUF (Prop_ibuf_I_O)         0.785     0.785 r  i3_IBUF_inst/O
                         net (fo=2, routed)           1.053     1.838    i3_IBUF
    SLICE_X0Y2           LUT2 (Prop_lut2_I0_O)        0.053     1.891 r  d1_OBUF_inst_i_1/O
                         net (fo=1, routed)           1.237     3.128    d1_OBUF
    P18                  OBUF (Prop_obuf_I_O)         2.451     5.579 r  d1_OBUF_inst/O
                         net (fo=0)                   0.000     5.579    d1
    P18                                                               r  d1 (OUT)
  -------------------------------------------------------------------    -------------------





Min Delay Paths
--------------------------------------------------------------------------------------
Slack:                    inf
  Source:                 i2
                            (input port)
  Destination:            d1
                            (output port)
  Path Group:             (none)
  Path Type:              Min at Fast Process Corner
  Data Path Delay:        2.014ns  (logic 1.360ns (67.514%)  route 0.654ns (32.486%))
  Logic Levels:           3  (IBUF=1 LUT2=1 OBUF=1)

    Location             Delay type                Incr(ns)  Path(ns)    Netlist Resource(s)
  -------------------------------------------------------------------    -------------------
    T17                                               0.000     0.000 r  i2 (IN)
                         net (fo=0)                   0.000     0.000    i2
    T17                  IBUF (Prop_ibuf_I_O)         0.052     0.052 r  i2_IBUF_inst/O
                         net (fo=1, routed)           0.345     0.397    i2_IBUF
    SLICE_X0Y2           LUT2 (Prop_lut2_I1_O)        0.028     0.425 r  d1_OBUF_inst_i_1/O
                         net (fo=1, routed)           0.309     0.734    d1_OBUF
    P18                  OBUF (Prop_obuf_I_O)         1.280     2.014 r  d1_OBUF_inst/O
                         net (fo=0)                   0.000     2.014    d1
    P18                                                               r  d1 (OUT)
  -------------------------------------------------------------------    -------------------

Slack:                    inf
  Source:                 i1
                            (input port)
  Destination:            d0
                            (output port)
  Path Group:             (none)
  Path Type:              Min at Fast Process Corner
  Data Path Delay:        2.116ns  (logic 1.411ns (66.688%)  route 0.705ns (33.312%))
  Logic Levels:           3  (IBUF=1 LUT2=1 OBUF=1)

    Location             Delay type                Incr(ns)  Path(ns)    Netlist Resource(s)
  -------------------------------------------------------------------    -------------------
    R18                                               0.000     0.000 r  i1 (IN)
                         net (fo=0)                   0.000     0.000    i1
    R18                  IBUF (Prop_ibuf_I_O)         0.078     0.078 r  i1_IBUF_inst/O
                         net (fo=1, routed)           0.352     0.430    i1_IBUF
    SLICE_X0Y2           LUT2 (Prop_lut2_I0_O)        0.029     0.459 r  d0_OBUF_inst_i_1/O
                         net (fo=1, routed)           0.353     0.812    d0_OBUF
    U16                  OBUF (Prop_obuf_I_O)         1.304     2.116 r  d0_OBUF_inst/O
                         net (fo=0)                   0.000     2.116    d0
    U16                                                               r  d0 (OUT)
  -------------------------------------------------------------------    -------------------





