Copyright 1986-2022 Xilinx, Inc. All Rights Reserved.
---------------------------------------------------------------------------------------------------------------------------------------------------------------------------------------------------------------------------------------------------------------------------------------------------------------------
| Tool Version : Vivado v.2022.2 (win64) Build 3671981 Fri Oct 14 05:00:03 MDT 2022
| Date         : Mon Apr  1 11:08:30 2024
| Host         : DESKTOP-OKU8BN1 running 64-bit major release  (build 9200)
| Command      : report_timing_summary -max_paths 10 -report_unconstrained -file mealy_overlapping_1011_sequence_detector_timing_summary_routed.rpt -pb mealy_overlapping_1011_sequence_detector_timing_summary_routed.pb -rpx mealy_overlapping_1011_sequence_detector_timing_summary_routed.rpx -warn_on_violation
| Design       : mealy_overlapping_1011_sequence_detector
| Device       : 7k70t-fbv676
| Speed File   : -1  PRODUCTION 1.12 2017-02-17
---------------------------------------------------------------------------------------------------------------------------------------------------------------------------------------------------------------------------------------------------------------------------------------------------------------------

Timing Summary Report

------------------------------------------------------------------------------------------------
| Timer Settings
| --------------
------------------------------------------------------------------------------------------------

  Enable Multi Corner Analysis               :  Yes
  Enable Pessimism Removal                   :  Yes
  Pessimism Removal Resolution               :  Nearest Common Node
  Enable Input Delay Default Clock           :  No
  Enable Preset / Clear Arcs                 :  No
  Disable Flight Delays                      :  No
  Ignore I/O Paths                           :  No
  Timing Early Launch at Borrowing Latches   :  No
  Borrow Time for Max Delay Exceptions       :  Yes
  Merge Timing Exceptions                    :  Yes

  Corner  Analyze    Analyze    
  Name    Max Paths  Min Paths  
  ------  ---------  ---------  
  Slow    Yes        Yes        
  Fast    Yes        Yes        


------------------------------------------------------------------------------------------------
| Report Methodology
| ------------------
------------------------------------------------------------------------------------------------

Rule       Severity          Description                  Violations  
---------  ----------------  ---------------------------  ----------  
TIMING-17  Critical Warning  Non-clocked sequential cell  3           

Note: This report is based on the most recent report_methodology run and may not be up-to-date. Run report_methodology on the current design for the latest report.



check_timing report

Table of Contents
-----------------
1. checking no_clock (3)
2. checking constant_clock (0)
3. checking pulse_width_clock (0)
4. checking unconstrained_internal_endpoints (5)
5. checking no_input_delay (2)
6. checking no_output_delay (1)
7. checking multiple_clock (0)
8. checking generated_clocks (0)
9. checking loops (0)
10. checking partial_input_delay (0)
11. checking partial_output_delay (0)
12. checking latch_loops (0)

1. checking no_clock (3)
------------------------
 There are 3 register/latch pins with no clock driven by root clock pin: clk (HIGH)


2. checking constant_clock (0)
------------------------------
 There are 0 register/latch pins with constant_clock.


3. checking pulse_width_clock (0)
---------------------------------
 There are 0 register/latch pins which need pulse_width check


4. checking unconstrained_internal_endpoints (5)
------------------------------------------------
 There are 5 pins that are not constrained for maximum delay. (HIGH)

 There are 0 pins that are not constrained for maximum delay due to constant clock.


5. checking no_input_delay (2)
------------------------------
 There are 2 input ports with no input delay specified. (HIGH)

 There are 0 input ports with no input delay but user has a false path constraint.


6. checking no_output_delay (1)
-------------------------------
 There is 1 port with no output delay specified. (HIGH)

 There are 0 ports with no output delay but user has a false path constraint

 There are 0 ports with no output delay but with a timing clock defined on it or propagating through it


7. checking multiple_clock (0)
------------------------------
 There are 0 register/latch pins with multiple clocks.


8. checking generated_clocks (0)
--------------------------------
 There are 0 generated clocks that are not connected to a clock source.


9. checking loops (0)
---------------------
 There are 0 combinational loops in the design.


10. checking partial_input_delay (0)
------------------------------------
 There are 0 input ports with partial input delay specified.


11. checking partial_output_delay (0)
-------------------------------------
 There are 0 ports with partial output delay specified.


12. checking latch_loops (0)
----------------------------
 There are 0 combinational latch loops in the design through latch input



------------------------------------------------------------------------------------------------
| Design Timing Summary
| ---------------------
------------------------------------------------------------------------------------------------

    WNS(ns)      TNS(ns)  TNS Failing Endpoints  TNS Total Endpoints      WHS(ns)      THS(ns)  THS Failing Endpoints  THS Total Endpoints     WPWS(ns)     TPWS(ns)  TPWS Failing Endpoints  TPWS Total Endpoints  
    -------      -------  ---------------------  -------------------      -------      -------  ---------------------  -------------------     --------     --------  ----------------------  --------------------  
        inf        0.000                      0                    6          inf        0.000                      0                    6           NA           NA                      NA                    NA  


There are no user specified timing constraints.


------------------------------------------------------------------------------------------------
| Clock Summary
| -------------
------------------------------------------------------------------------------------------------


------------------------------------------------------------------------------------------------
| Intra Clock Table
| -----------------
------------------------------------------------------------------------------------------------

Clock             WNS(ns)      TNS(ns)  TNS Failing Endpoints  TNS Total Endpoints      WHS(ns)      THS(ns)  THS Failing Endpoints  THS Total Endpoints     WPWS(ns)     TPWS(ns)  TPWS Failing Endpoints  TPWS Total Endpoints  
-----             -------      -------  ---------------------  -------------------      -------      -------  ---------------------  -------------------     --------     --------  ----------------------  --------------------  


------------------------------------------------------------------------------------------------
| Inter Clock Table
| -----------------
------------------------------------------------------------------------------------------------

From Clock    To Clock          WNS(ns)      TNS(ns)  TNS Failing Endpoints  TNS Total Endpoints      WHS(ns)      THS(ns)  THS Failing Endpoints  THS Total Endpoints  
----------    --------          -------      -------  ---------------------  -------------------      -------      -------  ---------------------  -------------------  


------------------------------------------------------------------------------------------------
| Other Path Groups Table
| -----------------------
------------------------------------------------------------------------------------------------

Path Group    From Clock    To Clock          WNS(ns)      TNS(ns)  TNS Failing Endpoints  TNS Total Endpoints      WHS(ns)      THS(ns)  THS Failing Endpoints  THS Total Endpoints  
----------    ----------    --------          -------      -------  ---------------------  -------------------      -------      -------  ---------------------  -------------------  


------------------------------------------------------------------------------------------------
| User Ignored Path Table
| -----------------------
------------------------------------------------------------------------------------------------

Path Group    From Clock    To Clock    
----------    ----------    --------    


------------------------------------------------------------------------------------------------
| Unconstrained Path Table
| ------------------------
------------------------------------------------------------------------------------------------

Path Group    From Clock    To Clock    
----------    ----------    --------    
(none)                                    


------------------------------------------------------------------------------------------------
| Timing Details
| --------------
------------------------------------------------------------------------------------------------


--------------------------------------------------------------------------------------
Path Group:  (none)
From Clock:  
  To Clock:  

Max Delay             6 Endpoints
Min Delay             6 Endpoints
--------------------------------------------------------------------------------------


Max Delay Paths
--------------------------------------------------------------------------------------
Slack:                    inf
  Source:                 y_reg/C
                            (rising edge-triggered cell FDRE)
  Destination:            y
                            (output port)
  Path Group:             (none)
  Path Type:              Max at Slow Process Corner
  Data Path Delay:        3.960ns  (logic 2.715ns (68.560%)  route 1.245ns (31.440%))
  Logic Levels:           2  (FDRE=1 OBUF=1)

    Location             Delay type                Incr(ns)  Path(ns)    Netlist Resource(s)
  -------------------------------------------------------------------    -------------------
    SLICE_X0Y1           FDRE                         0.000     0.000 r  y_reg/C
    SLICE_X0Y1           FDRE (Prop_fdre_C_Q)         0.269     0.269 r  y_reg/Q
                         net (fo=1, routed)           1.245     1.514    y_OBUF
    R18                  OBUF (Prop_obuf_I_O)         2.446     3.960 r  y_OBUF_inst/O
                         net (fo=0)                   0.000     3.960    y
    R18                                                               r  y (OUT)
  -------------------------------------------------------------------    -------------------

Slack:                    inf
  Source:                 in
                            (input port)
  Destination:            y_reg/D
  Path Group:             (none)
  Path Type:              Max at Slow Process Corner
  Data Path Delay:        1.848ns  (logic 0.855ns (46.234%)  route 0.994ns (53.766%))
  Logic Levels:           2  (IBUF=1 LUT3=1)

    Location             Delay type                Incr(ns)  Path(ns)    Netlist Resource(s)
  -------------------------------------------------------------------    -------------------
    U16                                               0.000     0.000 r  in (IN)
                         net (fo=0)                   0.000     0.000    in
    U16                  IBUF (Prop_ibuf_I_O)         0.802     0.802 r  in_IBUF_inst/O
                         net (fo=3, routed)           0.994     1.795    in_IBUF
    SLICE_X0Y1           LUT3 (Prop_lut3_I2_O)        0.053     1.848 r  y_i_1/O
                         net (fo=1, routed)           0.000     1.848    y_i_1_n_0
    SLICE_X0Y1           FDRE                                         r  y_reg/D
  -------------------------------------------------------------------    -------------------

Slack:                    inf
  Source:                 in
                            (input port)
  Destination:            FSM_sequential_pstate_reg[1]/D
  Path Group:             (none)
  Path Type:              Max at Slow Process Corner
  Data Path Delay:        1.696ns  (logic 0.855ns (50.382%)  route 0.842ns (49.618%))
  Logic Levels:           2  (IBUF=1 LUT4=1)

    Location             Delay type                Incr(ns)  Path(ns)    Netlist Resource(s)
  -------------------------------------------------------------------    -------------------
    U16                                               0.000     0.000 r  in (IN)
                         net (fo=0)                   0.000     0.000    in
    U16                  IBUF (Prop_ibuf_I_O)         0.802     0.802 r  in_IBUF_inst/O
                         net (fo=3, routed)           0.842     1.643    in_IBUF
    SLICE_X1Y1           LUT4 (Prop_lut4_I0_O)        0.053     1.696 r  FSM_sequential_pstate[1]_i_1/O
                         net (fo=1, routed)           0.000     1.696    FSM_sequential_pstate[1]_i_1_n_0
    SLICE_X1Y1           FDRE                                         r  FSM_sequential_pstate_reg[1]/D
  -------------------------------------------------------------------    -------------------

Slack:                    inf
  Source:                 in
                            (input port)
  Destination:            FSM_sequential_pstate_reg[0]/D
  Path Group:             (none)
  Path Type:              Max at Slow Process Corner
  Data Path Delay:        1.598ns  (logic 0.802ns (50.174%)  route 0.796ns (49.826%))
  Logic Levels:           1  (IBUF=1)

    Location             Delay type                Incr(ns)  Path(ns)    Netlist Resource(s)
  -------------------------------------------------------------------    -------------------
    U16                                               0.000     0.000 r  in (IN)
                         net (fo=0)                   0.000     0.000    in
    U16                  IBUF (Prop_ibuf_I_O)         0.802     0.802 r  in_IBUF_inst/O
                         net (fo=3, routed)           0.796     1.598    in_IBUF
    SLICE_X0Y1           FDRE                                         r  FSM_sequential_pstate_reg[0]/D
  -------------------------------------------------------------------    -------------------

Slack:                    inf
  Source:                 rst
                            (input port)
  Destination:            FSM_sequential_pstate_reg[0]/R
  Path Group:             (none)
  Path Type:              Max at Slow Process Corner
  Data Path Delay:        1.584ns  (logic 0.819ns (51.675%)  route 0.766ns (48.325%))
  Logic Levels:           1  (IBUF=1)

    Location             Delay type                Incr(ns)  Path(ns)    Netlist Resource(s)
  -------------------------------------------------------------------    -------------------
    P18                                               0.000     0.000 r  rst (IN)
                         net (fo=0)                   0.000     0.000    rst
    P18                  IBUF (Prop_ibuf_I_O)         0.819     0.819 r  rst_IBUF_inst/O
                         net (fo=3, routed)           0.766     1.584    rst_IBUF
    SLICE_X0Y1           FDRE                                         r  FSM_sequential_pstate_reg[0]/R
  -------------------------------------------------------------------    -------------------

Slack:                    inf
  Source:                 rst
                            (input port)
  Destination:            y_reg/R
  Path Group:             (none)
  Path Type:              Max at Slow Process Corner
  Data Path Delay:        1.584ns  (logic 0.819ns (51.675%)  route 0.766ns (48.325%))
  Logic Levels:           1  (IBUF=1)

    Location             Delay type                Incr(ns)  Path(ns)    Netlist Resource(s)
  -------------------------------------------------------------------    -------------------
    P18                                               0.000     0.000 r  rst (IN)
                         net (fo=0)                   0.000     0.000    rst
    P18                  IBUF (Prop_ibuf_I_O)         0.819     0.819 r  rst_IBUF_inst/O
                         net (fo=3, routed)           0.766     1.584    rst_IBUF
    SLICE_X0Y1           FDRE                                         r  y_reg/R
  -------------------------------------------------------------------    -------------------





Min Delay Paths
--------------------------------------------------------------------------------------
Slack:                    inf
  Source:                 FSM_sequential_pstate_reg[1]/C
                            (rising edge-triggered cell FDRE)
  Destination:            y_reg/D
  Path Group:             (none)
  Path Type:              Min at Fast Process Corner
  Data Path Delay:        0.224ns  (logic 0.128ns (57.202%)  route 0.096ns (42.798%))
  Logic Levels:           2  (FDRE=1 LUT3=1)

    Location             Delay type                Incr(ns)  Path(ns)    Netlist Resource(s)
  -------------------------------------------------------------------    -------------------
    SLICE_X1Y1           FDRE                         0.000     0.000 r  FSM_sequential_pstate_reg[1]/C
    SLICE_X1Y1           FDRE (Prop_fdre_C_Q)         0.100     0.100 r  FSM_sequential_pstate_reg[1]/Q
                         net (fo=2, routed)           0.096     0.196    pstate[1]
    SLICE_X0Y1           LUT3 (Prop_lut3_I0_O)        0.028     0.224 r  y_i_1/O
                         net (fo=1, routed)           0.000     0.224    y_i_1_n_0
    SLICE_X0Y1           FDRE                                         r  y_reg/D
  -------------------------------------------------------------------    -------------------

Slack:                    inf
  Source:                 FSM_sequential_pstate_reg[1]/C
                            (rising edge-triggered cell FDRE)
  Destination:            FSM_sequential_pstate_reg[1]/D
  Path Group:             (none)
  Path Type:              Min at Fast Process Corner
  Data Path Delay:        0.268ns  (logic 0.128ns (47.839%)  route 0.140ns (52.161%))
  Logic Levels:           2  (FDRE=1 LUT4=1)

    Location             Delay type                Incr(ns)  Path(ns)    Netlist Resource(s)
  -------------------------------------------------------------------    -------------------
    SLICE_X1Y1           FDRE                         0.000     0.000 r  FSM_sequential_pstate_reg[1]/C
    SLICE_X1Y1           FDRE (Prop_fdre_C_Q)         0.100     0.100 r  FSM_sequential_pstate_reg[1]/Q
                         net (fo=2, routed)           0.140     0.240    pstate[1]
    SLICE_X1Y1           LUT4 (Prop_lut4_I1_O)        0.028     0.268 r  FSM_sequential_pstate[1]_i_1/O
                         net (fo=1, routed)           0.000     0.268    FSM_sequential_pstate[1]_i_1_n_0
    SLICE_X1Y1           FDRE                                         r  FSM_sequential_pstate_reg[1]/D
  -------------------------------------------------------------------    -------------------

Slack:                    inf
  Source:                 rst
                            (input port)
  Destination:            FSM_sequential_pstate_reg[0]/R
  Path Group:             (none)
  Path Type:              Min at Fast Process Corner
  Data Path Delay:        0.403ns  (logic 0.083ns (20.527%)  route 0.321ns (79.473%))
  Logic Levels:           1  (IBUF=1)

    Location             Delay type                Incr(ns)  Path(ns)    Netlist Resource(s)
  -------------------------------------------------------------------    -------------------
    P18                                               0.000     0.000 r  rst (IN)
                         net (fo=0)                   0.000     0.000    rst
    P18                  IBUF (Prop_ibuf_I_O)         0.083     0.083 r  rst_IBUF_inst/O
                         net (fo=3, routed)           0.321     0.403    rst_IBUF
    SLICE_X0Y1           FDRE                                         r  FSM_sequential_pstate_reg[0]/R
  -------------------------------------------------------------------    -------------------

Slack:                    inf
  Source:                 rst
                            (input port)
  Destination:            y_reg/R
  Path Group:             (none)
  Path Type:              Min at Fast Process Corner
  Data Path Delay:        0.403ns  (logic 0.083ns (20.527%)  route 0.321ns (79.473%))
  Logic Levels:           1  (IBUF=1)

    Location             Delay type                Incr(ns)  Path(ns)    Netlist Resource(s)
  -------------------------------------------------------------------    -------------------
    P18                                               0.000     0.000 r  rst (IN)
                         net (fo=0)                   0.000     0.000    rst
    P18                  IBUF (Prop_ibuf_I_O)         0.083     0.083 r  rst_IBUF_inst/O
                         net (fo=3, routed)           0.321     0.403    rst_IBUF
    SLICE_X0Y1           FDRE                                         r  y_reg/R
  -------------------------------------------------------------------    -------------------

Slack:                    inf
  Source:                 in
                            (input port)
  Destination:            FSM_sequential_pstate_reg[0]/D
  Path Group:             (none)
  Path Type:              Min at Fast Process Corner
  Data Path Delay:        0.442ns  (logic 0.066ns (14.916%)  route 0.376ns (85.084%))
  Logic Levels:           1  (IBUF=1)

    Location             Delay type                Incr(ns)  Path(ns)    Netlist Resource(s)
  -------------------------------------------------------------------    -------------------
    U16                                               0.000     0.000 r  in (IN)
                         net (fo=0)                   0.000     0.000    in
    U16                  IBUF (Prop_ibuf_I_O)         0.066     0.066 r  in_IBUF_inst/O
                         net (fo=3, routed)           0.376     0.442    in_IBUF
    SLICE_X0Y1           FDRE                                         r  FSM_sequential_pstate_reg[0]/D
  -------------------------------------------------------------------    -------------------

Slack:                    inf
  Source:                 y_reg/C
                            (rising edge-triggered cell FDRE)
  Destination:            y
                            (output port)
  Path Group:             (none)
  Path Type:              Min at Fast Process Corner
  Data Path Delay:        1.685ns  (logic 1.375ns (81.604%)  route 0.310ns (18.396%))
  Logic Levels:           2  (FDRE=1 OBUF=1)

    Location             Delay type                Incr(ns)  Path(ns)    Netlist Resource(s)
  -------------------------------------------------------------------    -------------------
    SLICE_X0Y1           FDRE                         0.000     0.000 r  y_reg/C
    SLICE_X0Y1           FDRE (Prop_fdre_C_Q)         0.100     0.100 r  y_reg/Q
                         net (fo=1, routed)           0.310     0.410    y_OBUF
    R18                  OBUF (Prop_obuf_I_O)         1.275     1.685 r  y_OBUF_inst/O
                         net (fo=0)                   0.000     1.685    y
    R18                                                               r  y (OUT)
  -------------------------------------------------------------------    -------------------





